Arguments: 
  C:\Program Files\nodejs\node.exe C:\Users\nikhil\AppData\Roaming\npm\node_modules\yarn\bin\yarn.js init

PATH: 
  C:\Users\nikhil\bin;C:\Program Files\Git\mingw64\bin;C:\Program Files\Git\usr\local\bin;C:\Program Files\Git\usr\bin;C:\Program Files\Git\usr\bin;C:\Program Files\Git\mingw64\bin;C:\Program Files\Git\usr\bin;C:\Users\nikhil\bin;C:\ProgramData\Oracle\Java\javapath;C:\Windows\system32;C:\Windows;C:\Windows\System32\Wbem;C:\Windows\System32\WindowsPowerShell\v1.0;C:\Program Files (x86)\NVIDIA Corporation\PhysX\Common;C:\wamp64\bin\php\php5.6.31;C:\ProgramData\ComposerSetup\bin;C:\Program Files\nodejs;C:\Program Files\TortoiseGit\bin;C:\WINDOWS\system32;C:\WINDOWS;C:\WINDOWS\System32\Wbem;C:\WINDOWS\System32\WindowsPowerShell\v1.0;C:\Program Files\Git\cmd;C:\Users\nikhil\AppData\Local\Microsoft\WindowsApps;C:\Users\nikhil\AppData\Roaming\Composer\vendor\bin;C:\Users\nikhil\AppData\Roaming\npm;C:\ProgramData\nikhil\atom\bin;C:\Program Files\Microsoft VS Code\bin;C:\Users\nikhil\AppData\Local\Microsoft\WindowsApps;C:\Program Files\Java\jdk1.8.0_161\bin;C:\Users\nikhil\AppData\Local\atom\bin;C:\Program Files\Docker Toolbox;C:\Program Files\Git\usr\bin\vendor_perl;C:\Program Files\Git\usr\bin\core_perl

Yarn version: 
  1.3.2

Node version: 
  6.12.2

Platform: 
  win32 x64

npm manifest: 
  No manifest

yarn manifest: 
  No manifest

Lockfile: 
  No lockfile

Trace: 
  Error: Can't answer a question unless a user TTY
      at ConsoleReporter.question (C:\Users\nikhil\AppData\Roaming\npm\node_modules\yarn\lib\cli.js:87314:59)
      at Object.<anonymous> (C:\Users\nikhil\AppData\Roaming\npm\node_modules\yarn\lib\cli.js:81822:38)
      at next (native)
      at step (C:\Users\nikhil\AppData\Roaming\npm\node_modules\yarn\lib\cli.js:92:30)
      at C:\Users\nikhil\AppData\Roaming\npm\node_modules\yarn\lib\cli.js:103:13
